
Showing logs for build [32mcb-kubecd-environment-pr-5284-1-bz8n5-1[0m stage [32mmeta-pipeline[0m and container [32mstep-credential-initializer-mjkcm[0m
{"level":"warn","ts":1568288539.7876754,"logger":"fallback-logger","caller":"logging/config.go:69","msg":"Fetch GitHub commit ID from kodata failed: \"ref: refs/heads/master\" is not a valid GitHub commit ID"}
{"level":"info","ts":1568288539.788364,"logger":"fallback-logger","caller":"creds-init/main.go:40","msg":"Credentials initialized."}

Showing logs for build [32mcb-kubecd-environment-pr-5284-1-bz8n5-1[0m stage [32mmeta-pipeline[0m and container [32mstep-working-dir-initializer-tqstp[0m
{"level":"warn","ts":1568288540.7599134,"logger":"fallback-logger","caller":"logging/config.go:69","msg":"Fetch GitHub commit ID from kodata failed: open /var/run/ko/HEAD: no such file or directory"}
{"level":"info","ts":1568288540.7610114,"logger":"fallback-logger","caller":"bash/main.go:65","msg":"Successfully executed command \"mkdir -p /workspace/source\""}

Showing logs for build [32mcb-kubecd-environment-pr-5284-1-bz8n5-1[0m stage [32mmeta-pipeline[0m and container [32mstep-place-tools[0m

Showing logs for build [32mcb-kubecd-environment-pr-5284-1-bz8n5-1[0m stage [32mmeta-pipeline[0m and container [32mstep-git-source-meta-cb-kubecd-environment-pr-5-cttxp[0m
{"level":"warn","ts":1568288546.8031685,"logger":"fallback-logger","caller":"logging/config.go:69","msg":"Fetch GitHub commit ID from kodata failed: \"ref: refs/heads/master\" is not a valid GitHub commit ID"}
{"level":"info","ts":1568288547.8200488,"logger":"fallback-logger","caller":"git/git.go:102","msg":"Successfully cloned https://github.com/cb-kubecd/environment-pr-5284-129-tekton-gkebdd-production.git @ 644a19d259c703c0075970b9c95bc0a3e2c3c981 in path /workspace/source"}

Showing logs for build [32mcb-kubecd-environment-pr-5284-1-bz8n5-1[0m stage [32mmeta-pipeline[0m and container [32mstep-git-merge[0m
Using SHAs from PULL_REFS=master:644a19d259c703c0075970b9c95bc0a3e2c3c981,1:5ea22501e4d8aa497b276ad9810bb31970288ac9
DEBUG: ran git fetch --unshallow origin 5ea22501e4d8aa497b276ad9810bb31970288ac9: 644a19d259c703c0075970b9c95bc0a3e2c3c981: in 
DEBUG: ran git checkout master in 
DEBUG: ran git reset --hard 644a19d259c703c0075970b9c95bc0a3e2c3c981 in 
DEBUG: ran clean --force -d . in 
DEBUG: ran git merge 5ea22501e4d8aa497b276ad9810bb31970288ac9 in 
Merged SHA 5ea22501e4d8aa497b276ad9810bb31970288ac9 with commit message 'chore: Promote bdd-spring-1568287906 to version 0.0.1' into base branch master

Showing logs for build [32mcb-kubecd-environment-pr-5284-1-bz8n5-1[0m stage [32mmeta-pipeline[0m and container [32mstep-merge-pull-refs[0m
DEBUG: ran git fetch origin 5ea22501e4d8aa497b276ad9810bb31970288ac9: 644a19d259c703c0075970b9c95bc0a3e2c3c981: in 
DEBUG: Unshallowed git repo in 
DEBUG: ran git checkout master in 
DEBUG: ran git reset --hard 644a19d259c703c0075970b9c95bc0a3e2c3c981 in 
DEBUG: ran clean --force -d . in 
DEBUG: ran git merge 5ea22501e4d8aa497b276ad9810bb31970288ac9 in 
Merged SHA 5ea22501e4d8aa497b276ad9810bb31970288ac9 with commit message 'chore: Promote bdd-spring-1568287906 to version 0.0.1' into base branch master

Showing logs for build [32mcb-kubecd-environment-pr-5284-1-bz8n5-1[0m stage [32mmeta-pipeline[0m and container [32mstep-create-effective-pipeline[0m
Deleting and cloning the Jenkins X versions repo
Cloning the Jenkins X versions repo https://github.com/jenkins-x/jenkins-x-versions.git with ref refs/heads/master to /builder/home/.**/jenkins-x-versions
selected pack: /builder/home/.**/draft/packs/github.com/jenkins-x-buildpacks/jenkins-x-kubernetes/packs/environment
Effective pipeline written to jenkins-x-promotion-build-effective.yml

Showing logs for build [32mcb-kubecd-environment-pr-5284-1-bz8n5-1[0m stage [32mmeta-pipeline[0m and container [32mstep-create-tekton-crds[0m
PipelineActivity for cb-kubecd-environment-pr-5284-129-tekton-gkebdd-production-PR-1-1
Applying changes 
upserted PipelineResource cb-kubecd-environment-pr-5284-1 for the git repository https://github.com/cb-kubecd/environment-pr-5284-129-tekton-gkebdd-production.git
upserted Task cb-kubecd-environment-pr-5284-1-bz8n5-from-build-pack-1
upserted Pipeline cb-kubecd-environment-pr-5284-1-bz8n5-1
created PipelineRun cb-kubecd-environment-pr-5284-1-bz8n5-1
created PipelineStructure cb-kubecd-environment-pr-5284-1-bz8n5-1

Showing logs for build [32mcb-kubecd-environment-pr-5284-1-bz8n5-1[0m stage [32mfrom-build-pack[0m and container [32mstep-credential-initializer-8gdmb[0m
{"level":"warn","ts":1568288560.4756365,"logger":"fallback-logger","caller":"logging/config.go:69","msg":"Fetch GitHub commit ID from kodata failed: \"ref: refs/heads/master\" is not a valid GitHub commit ID"}
{"level":"info","ts":1568288560.4768271,"logger":"fallback-logger","caller":"creds-init/main.go:40","msg":"Credentials initialized."}

Showing logs for build [32mcb-kubecd-environment-pr-5284-1-bz8n5-1[0m stage [32mfrom-build-pack[0m and container [32mstep-working-dir-initializer-h2wt7[0m
{"level":"warn","ts":1568288561.3665543,"logger":"fallback-logger","caller":"logging/config.go:69","msg":"Fetch GitHub commit ID from kodata failed: open /var/run/ko/HEAD: no such file or directory"}
{"level":"info","ts":1568288561.3682978,"logger":"fallback-logger","caller":"bash/main.go:65","msg":"Successfully executed command \"mkdir -p /workspace/source /workspace/source/env\""}

Showing logs for build [32mcb-kubecd-environment-pr-5284-1-bz8n5-1[0m stage [32mfrom-build-pack[0m and container [32mstep-place-tools[0m

Showing logs for build [32mcb-kubecd-environment-pr-5284-1-bz8n5-1[0m stage [32mfrom-build-pack[0m and container [32mstep-git-source-cb-kubecd-environment-pr-5284-1-l82rl[0m
{"level":"warn","ts":1568288565.4740431,"logger":"fallback-logger","caller":"logging/config.go:69","msg":"Fetch GitHub commit ID from kodata failed: \"ref: refs/heads/master\" is not a valid GitHub commit ID"}
{"level":"info","ts":1568288566.5280154,"logger":"fallback-logger","caller":"git/git.go:102","msg":"Successfully cloned https://github.com/cb-kubecd/environment-pr-5284-129-tekton-gkebdd-production.git @ master in path /workspace/source"}

Showing logs for build [32mcb-kubecd-environment-pr-5284-1-bz8n5-1[0m stage [32mfrom-build-pack[0m and container [32mstep-git-merge[0m
Using SHAs from PULL_REFS=master:644a19d259c703c0075970b9c95bc0a3e2c3c981,1:5ea22501e4d8aa497b276ad9810bb31970288ac9
DEBUG: ran git fetch --unshallow origin 5ea22501e4d8aa497b276ad9810bb31970288ac9: 644a19d259c703c0075970b9c95bc0a3e2c3c981: in 
DEBUG: ran git checkout master in 
DEBUG: ran git reset --hard 644a19d259c703c0075970b9c95bc0a3e2c3c981 in 
DEBUG: ran clean --force -d . in 
DEBUG: ran git merge 5ea22501e4d8aa497b276ad9810bb31970288ac9 in 
Merged SHA 5ea22501e4d8aa497b276ad9810bb31970288ac9 with commit message 'chore: Promote bdd-spring-1568287906 to version 0.0.1' into base branch master

Showing logs for build [32mcb-kubecd-environment-pr-5284-1-bz8n5-1[0m stage [32mfrom-build-pack[0m and container [32mstep-build-helm-build[0m
WARNING: No $CHART_REPOSITORY defined so using the default value of: http://jenkins-x-chartmuseum:8080
Adding missing Helm repo: storage.googleapis.com https://storage.googleapis.com/chartmuseum.jenkins-x.io
Successfully added Helm repository storage.googleapis.com.
Adding missing Helm repo: jenkins-x-chartmuseum http://jenkins-x-chartmuseum:8080
Successfully added Helm repository jenkins-x-chartmuseum.
WARNING: No $CHART_REPOSITORY defined so using the default value of: http://jenkins-x-chartmuseum:8080
Adding missing Helm repo: chartmuseum.jenkins-x.io http://chartmuseum.jenkins-x.io
Successfully added Helm repository chartmuseum.jenkins-x.io.
